<?xml version="1.0" encoding="UTF-8"?>
<!-- Generated by org.testng.reporters.JUnitXMLReporter -->
<testsuite hostname="Priyankas-MacBook-Air.local" ignored="0" name="Test3" tests="1" failures="0" timestamp="2022-01-16T22:59:15 IST" time="0.138" errors="0">
  <testcase name="@BeforeTest initializing" time="0.011" classname="Academy.validationTitle">
    <failure type="java.lang.NullPointerException">
      <![CDATA[java.lang.NullPointerException
at resources.base.initializeDriver(base.java:36)
at Academy.validationTitle.initializing(validationTitle.java:23)
at java.util.concurrent.FutureTask.run(FutureTask.java:266)
at java.util.concurrent.ThreadPoolExecutor.runWorker(ThreadPoolExecutor.java:1149)
at java.util.concurrent.ThreadPoolExecutor$Worker.run(ThreadPoolExecutor.java:624)
at java.lang.Thread.run(Thread.java:748)
... Removed 15 stack frames]]>
    </failure>
  </testcase> <!-- @BeforeTest initializing -->
  <testcase name="@AfterTest tearDown" time="-1.642354155278E9" classname="Academy.validationTitle">
    <skipped/>
  </testcase> <!-- @AfterTest tearDown -->
  <testcase name="validateAppTitle" time="0.0" classname="Academy.validationTitle">
    <skipped/>
  </testcase> <!-- validateAppTitle -->
</testsuite> <!-- Test3 -->
