<?xml version="1.0" encoding="UTF-8"?>
<!-- Generated by org.testng.reporters.JUnitXMLReporter -->
<testsuite hostname="Priyankas-MacBook-Air.local" failures="0" tests="3" name="Test" time="18.242" errors="0" timestamp="30 Dec 2021 20:27:25 GMT">
  <testcase classname="Academy.validationNavigationbar" name="basePageNavigation" time="0.172"/>
  <testcase classname="Academy.HomePage" name="basePageNavigation" time="3.84"/>
  <testcase classname="Academy.validationTitle" name="basePageNavigation" time="0.119"/>
</testsuite> <!-- Test -->
